<?xml version="1.0" encoding="UTF-8"?>
<testsuite xmlns:xsi="http://www.w3.org/2001/XMLSchema-instance" xsi:noNamespaceSchemaLocation="https://maven.apache.org/surefire/maven-surefire-plugin/xsd/surefire-test-report.xsd" name="com.company.AppTest" time="0.03" tests="1" errors="0" skipped="0" failures="0">
  <properties>
    <property name="java.specification.version" value="21"/>
    <property name="sun.cpu.isalist" value="amd64"/>
    <property name="sun.jnu.encoding" value="Cp1252"/>
    <property name="java.class.path" value="C:\Users\91916\OneDrive\Desktop\SR-Assignment\assignment\target\test-classes;C:\Users\91916\OneDrive\Desktop\SR-Assignment\assignment\target\classes;C:\Users\91916\.m2\repository\junit\junit\4.11\junit-4.11.jar;C:\Users\91916\.m2\repository\org\hamcrest\hamcrest-core\1.3\hamcrest-core-1.3.jar;C:\Users\91916\.m2\repository\com\opencsv\opencsv\4.1\opencsv-4.1.jar;C:\Users\91916\.m2\repository\org\apache\commons\commons-lang3\3.6\commons-lang3-3.6.jar;C:\Users\91916\.m2\repository\org\apache\commons\commons-text\1.1\commons-text-1.1.jar;C:\Users\91916\.m2\repository\commons-beanutils\commons-beanutils\1.9.3\commons-beanutils-1.9.3.jar;C:\Users\91916\.m2\repository\commons-logging\commons-logging\1.2\commons-logging-1.2.jar;C:\Users\91916\.m2\repository\commons-collections\commons-collections\3.2.2\commons-collections-3.2.2.jar;"/>
    <property name="java.vm.vendor" value="OpenLogic"/>
    <property name="sun.arch.data.model" value="64"/>
    <property name="user.variant" value=""/>
    <property name="java.vendor.url" value="https://openlogic.com/"/>
    <property name="user.timezone" value="Asia/Calcutta"/>
    <property name="os.name" value="Windows 10"/>
    <property name="java.vm.specification.version" value="21"/>
    <property name="sun.java.launcher" value="SUN_STANDARD"/>
    <property name="user.country" value="IN"/>
    <property name="sun.boot.library.path" value="C:\Users\91916\OneDrive\Documents\openjdk-21\bin"/>
    <property name="sun.java.command" value="C:\Users\91916\AppData\Local\Temp\surefire3023193137096034410\surefirebooter17108109847262940852.jar C:\Users\91916\AppData\Local\Temp\surefire3023193137096034410 2025-02-08T20-09-11_276-jvmRun1 surefire15908123837725032752tmp surefire_09612236756823862420tmp"/>
    <property name="jdk.debug" value="release"/>
    <property name="surefire.test.class.path" value="C:\Users\91916\OneDrive\Desktop\SR-Assignment\assignment\target\test-classes;C:\Users\91916\OneDrive\Desktop\SR-Assignment\assignment\target\classes;C:\Users\91916\.m2\repository\junit\junit\4.11\junit-4.11.jar;C:\Users\91916\.m2\repository\org\hamcrest\hamcrest-core\1.3\hamcrest-core-1.3.jar;C:\Users\91916\.m2\repository\com\opencsv\opencsv\4.1\opencsv-4.1.jar;C:\Users\91916\.m2\repository\org\apache\commons\commons-lang3\3.6\commons-lang3-3.6.jar;C:\Users\91916\.m2\repository\org\apache\commons\commons-text\1.1\commons-text-1.1.jar;C:\Users\91916\.m2\repository\commons-beanutils\commons-beanutils\1.9.3\commons-beanutils-1.9.3.jar;C:\Users\91916\.m2\repository\commons-logging\commons-logging\1.2\commons-logging-1.2.jar;C:\Users\91916\.m2\repository\commons-collections\commons-collections\3.2.2\commons-collections-3.2.2.jar;"/>
    <property name="sun.cpu.endian" value="little"/>
    <property name="user.home" value="C:\Users\91916"/>
    <property name="user.language" value="en"/>
    <property name="java.specification.vendor" value="Oracle Corporation"/>
    <property name="java.version.date" value="2025-01-21"/>
    <property name="java.home" value="C:\Users\91916\OneDrive\Documents\openjdk-21"/>
    <property name="file.separator" value="\"/>
    <property name="basedir" value="C:\Users\91916\OneDrive\Desktop\SR-Assignment\assignment"/>
    <property name="java.vm.compressedOopsMode" value="Zero based"/>
    <property name="line.separator" value="&#10;"/>
    <property name="java.vm.specification.vendor" value="Oracle Corporation"/>
    <property name="java.specification.name" value="Java Platform API Specification"/>
    <property name="surefire.real.class.path" value="C:\Users\91916\AppData\Local\Temp\surefire3023193137096034410\surefirebooter17108109847262940852.jar"/>
    <property name="user.script" value=""/>
    <property name="sun.management.compiler" value="HotSpot 64-Bit Tiered Compilers"/>
    <property name="java.runtime.version" value="21.0.6+7-adhoc.Administrator.jdk21u"/>
    <property name="user.name" value="91916"/>
    <property name="stdout.encoding" value="Cp1252"/>
    <property name="path.separator" value=";"/>
    <property name="os.version" value="10.0"/>
    <property name="java.runtime.name" value="OpenJDK Runtime Environment"/>
    <property name="file.encoding" value="UTF-8"/>
    <property name="java.vm.name" value="OpenJDK 64-Bit Server VM"/>
    <property name="java.vendor.version" value="OpenLogic-OpenJDK"/>
    <property name="localRepository" value="C:\Users\91916\.m2\repository"/>
    <property name="java.vendor.url.bug" value="https://techsupport.roguewave.com/"/>
    <property name="java.io.tmpdir" value="C:\Users\91916\AppData\Local\Temp\"/>
    <property name="java.version" value="21.0.6"/>
    <property name="user.dir" value="C:\Users\91916\OneDrive\Desktop\SR-Assignment\assignment"/>
    <property name="os.arch" value="amd64"/>
    <property name="java.vm.specification.name" value="Java Virtual Machine Specification"/>
    <property name="sun.os.patch.level" value=""/>
    <property name="native.encoding" value="Cp1252"/>
    <property name="java.library.path" value="C:\Users\91916\OneDrive\Documents\openjdk-21\bin;C:\Windows\Sun\Java\bin;C:\Windows\system32;C:\Windows;C:\Windows\system32;C:\Windows;C:\Windows\System32\Wbem;C:\Windows\System32\WindowsPowerShell\v1.0\;C:\Windows\System32\OpenSSH\;C:\Program Files\Git\cmd;C:\Users\91916\OneDrive\Documents\openjdk-21\bin;C:\Users\91916\OneDrive\Documents\maven\apache-maven-3.9.9\bin;C:\Program Files\MySQL\MySQL Shell 8.0\bin\;C:\Users\91916\AppData\Local\Programs\Python\Python311\Scripts\;C:\Users\91916\AppData\Local\Programs\Python\Python311\;C:\Users\91916\AppData\Local\Microsoft\WindowsApps;;."/>
    <property name="java.vm.info" value="mixed mode, sharing"/>
    <property name="stderr.encoding" value="Cp1252"/>
    <property name="java.vendor" value="OpenLogic"/>
    <property name="java.vm.version" value="21.0.6+7-adhoc.Administrator.jdk21u"/>
    <property name="sun.io.unicode.encoding" value="UnicodeLittle"/>
    <property name="java.class.version" value="65.0"/>
  </properties>
  <testcase name="shouldAnswerWithTrue" classname="com.company.AppTest" time="0.004"/>
</testsuite>